<?xml version="1.0" encoding="UTF-8"?>
<testng-results total="1" passed="1" failed="0" skipped="0">
  <reporter-output>
  </reporter-output>
  <suite started-at="2024-07-04T21:41:55Z" name="Test Suite for Buildout" finished-at="2024-07-04T21:42:32Z" duration-ms="36492">
    <groups>
    </groups>
    <test started-at="2024-07-04T21:41:55Z" name="Test Cases for Buildout" finished-at="2024-07-04T21:42:32Z" duration-ms="36492">
      <class name="demo.TestCases">
        <test-method is-config="true" signature="startBrowser()[pri:0, instance:demo.TestCases@5c8eee0f]" started-at="2024-07-05T03:11:55Z" name="startBrowser" finished-at="2024-07-05T03:11:57Z" duration-ms="1553" status="PASS">
          <reporter-output>
          </reporter-output>
        </test-method> <!-- startBrowser -->
        <test-method signature="testCase01()[pri:0, instance:demo.TestCases@5c8eee0f]" started-at="2024-07-05T03:11:57Z" name="testCase01" finished-at="2024-07-05T03:12:31Z" duration-ms="34762" status="PASS">
          <reporter-output>
          </reporter-output>
        </test-method> <!-- testCase01 -->
        <test-method is-config="true" signature="endTest()[pri:0, instance:demo.TestCases@5c8eee0f]" started-at="2024-07-05T03:12:31Z" name="endTest" finished-at="2024-07-05T03:12:32Z" duration-ms="173" status="PASS">
          <reporter-output>
          </reporter-output>
        </test-method> <!-- endTest -->
      </class> <!-- demo.TestCases -->
    </test> <!-- Test Cases for Buildout -->
  </suite> <!-- Test Suite for Buildout -->
</testng-results>
